<?xml version="1.0" encoding="UTF-8"?>
<!-- Generated by org.testng.reporters.JUnitReportReporter -->
<testsuite hostname="PC-Desktop" failures="0" tests="1" name="smarttech.ny.myrunner.TestRunner" time="5.189" errors="0" timestamp="08 May 2023 23:43:29 GMT" skipped="0">
  <testcase classname="smarttech.ny.myrunner.TestRunner" name="runScenario" time="5.189"/>
</testsuite> <!-- smarttech.ny.myrunner.TestRunner -->
