<?xml version="1.0" encoding="UTF-8"?>
<!-- Generated by org.testng.reporters.JUnitReportReporter -->
<testsuite hostname="PC-Desktop" failures="0" tests="1" name="javaadvancedcoding.collections.BreakAndContinueStatement" time="0.004" errors="0" timestamp="2023-06-05T18:33:14 GMT-05:00" skipped="0">
  <testcase classname="javaadvancedcoding.collections.BreakAndContinueStatement" name="getSkipTheValue" time="0.004"/>
  <system-out/>
</testsuite> <!-- javaadvancedcoding.collections.BreakAndContinueStatement -->
