<?xml version="1.0" encoding="UTF-8"?>
<!-- Generated by org.testng.reporters.JUnitReportReporter -->
<testsuite hostname="PC-Desktop" failures="0" tests="1" name="smarttech.ny.TestNGChallenges.BasicAnnotation" time="0.005" errors="0" timestamp="2023-05-13T21:06:06 GMT-05:00" skipped="0">
  <testcase classname="smarttech.ny.TestNGChallenges.BasicAnnotation" name="getTest" time="0.005"/>
  <system-out/>
</testsuite> <!-- smarttech.ny.TestNGChallenges.BasicAnnotation -->
