<?xml version="1.0" encoding="UTF-8"?>
<!-- Generated by org.testng.reporters.JUnitReportReporter -->
<testsuite hostname="PC-Desktop" failures="0" tests="1" name="javaadvancedcoding.collections.BreakAndContinuePractice" time="0.005" errors="0" timestamp="2023-06-05T19:13:40 GMT-05:00" skipped="0">
  <testcase classname="javaadvancedcoding.collections.BreakAndContinuePractice" name="getContinue" time="0.005"/>
  <system-out/>
</testsuite> <!-- javaadvancedcoding.collections.BreakAndContinuePractice -->
