<?xml version="1.0" encoding="UTF-8"?>
<!-- Generated by org.testng.reporters.JUnitReportReporter -->
<testsuite hostname="PC-Desktop" failures="0" tests="3" name="smarttech.ny.TestNGChallenges.DependsOnMethod" time="0.005" errors="0" timestamp="2023-05-14T14:28:31 GMT-05:00" skipped="0">
  <testcase classname="smarttech.ny.TestNGChallenges.DependsOnMethod" name="getLogIn" time="0.001"/>
  <system-out/>
  <testcase classname="smarttech.ny.TestNGChallenges.DependsOnMethod" name="getCloseBrowser" time="0.000"/>
  <system-out/>
  <testcase classname="smarttech.ny.TestNGChallenges.DependsOnMethod" name="getOpenBrowser" time="0.004"/>
  <system-out/>
</testsuite> <!-- smarttech.ny.TestNGChallenges.DependsOnMethod -->
