<?xml version="1.0" encoding="UTF-8"?>
<!-- Generated by org.testng.reporters.JUnitReportReporter -->
<testsuite hostname="PC-Desktop" failures="0" tests="5" name="smarttech.ny.TestNGChallenges.PriorityTest" time="0.010" errors="0" timestamp="2023-05-15T18:38:16 GMT-05:00" skipped="0">
  <testcase classname="smarttech.ny.TestNGChallenges.PriorityTest" name="getMethod5" time="0.009"/>
  <system-out/>
  <testcase classname="smarttech.ny.TestNGChallenges.PriorityTest" name="getMethod3" time="0.001"/>
  <system-out/>
  <testcase classname="smarttech.ny.TestNGChallenges.PriorityTest" name="getMethod1" time="0.000"/>
  <system-out/>
  <testcase classname="smarttech.ny.TestNGChallenges.PriorityTest" name="getMethod4" time="0.000"/>
  <system-out/>
  <testcase classname="smarttech.ny.TestNGChallenges.PriorityTest" name="getMethod2" time="0.000"/>
  <system-out/>
</testsuite> <!-- smarttech.ny.TestNGChallenges.PriorityTest -->
