<?xml version="1.0" encoding="UTF-8"?>
<!-- Generated by org.testng.reporters.JUnitReportReporter -->
<testsuite hostname="PC-Desktop" failures="0" tests="1" name="smarttech.ny.myrunner.TestRunner" time="8.876" errors="0" timestamp="2023-05-14T22:30:50 GMT-05:00" skipped="0">
  <testcase classname="smarttech.ny.myrunner.TestRunner" name="runScenario" time="8.876"/>
  <system-out/>
</testsuite> <!-- smarttech.ny.myrunner.TestRunner -->
