<?xml version="1.0" encoding="UTF-8"?>
<!-- Generated by org.testng.reporters.JUnitReportReporter -->
<testsuite hostname="PC-Desktop" failures="0" tests="4" name="smarttech.ny.TestNGChallenges.ParralelTesting" time="14.883" errors="0" timestamp="2023-05-14T18:12:50 GMT-05:00" skipped="0">
  <testcase classname="smarttech.ny.TestNGChallenges.ParralelTesting" name="sanityTest" time="3.107"/>
  <system-out/>
  <testcase classname="smarttech.ny.TestNGChallenges.ParralelTesting" name="functionalTest" time="5.567"/>
  <system-out/>
  <testcase classname="smarttech.ny.TestNGChallenges.ParralelTesting" name="smokeTest" time="3.105"/>
  <system-out/>
  <testcase classname="smarttech.ny.TestNGChallenges.ParralelTesting" name="regressionTest" time="3.104"/>
  <system-out/>
</testsuite> <!-- smarttech.ny.TestNGChallenges.ParralelTesting -->
