<?xml version="1.0" encoding="UTF-8"?>
<!-- Generated by org.testng.reporters.JUnitReportReporter -->
<testsuite hostname="PC-Desktop" failures="0" tests="5" name="smarttech.ny.TestNGChallenges.EnabledTrueFalse" time="0.004" errors="0" timestamp="2023-05-13T21:58:47 GMT-05:00" skipped="2">
  <testcase classname="smarttech.ny.TestNGChallenges.EnabledTrueFalse" name="getTestEnable4" time="0.000"/>
  <system-out/>
  <testcase classname="smarttech.ny.TestNGChallenges.EnabledTrueFalse" name="getTestEnable1" time="0.004"/>
  <system-out/>
  <testcase classname="smarttech.ny.TestNGChallenges.EnabledTrueFalse" name="getTestEnable3" time="0.000"/>
  <system-out/>
  <testcase classname="smarttech.ny.TestNGChallenges.EnabledTrueFalse" name="getTestEnable2">
    <skipped/>
  </testcase> <!-- getTestEnable2 -->
  <system-out/>
  <testcase classname="smarttech.ny.TestNGChallenges.EnabledTrueFalse" name="getTestEnable5">
    <skipped/>
  </testcase> <!-- getTestEnable5 -->
  <system-out/>
</testsuite> <!-- smarttech.ny.TestNGChallenges.EnabledTrueFalse -->
