<?xml version="1.0" encoding="UTF-8"?>
<!-- Generated by org.testng.reporters.JUnitReportReporter -->
<testsuite hostname="PC-Desktop" failures="0" tests="4" name="smarttech.ny.TestNGChallenges.TestDataProvider" time="12.624" errors="0" timestamp="2023-05-14T21:15:11 GMT-05:00" skipped="0">
  <testcase classname="smarttech.ny.TestNGChallenges.TestDataProvider" name="getLogIn" time="2.571"/>
  <system-out/>
  <testcase classname="smarttech.ny.TestNGChallenges.TestDataProvider" name="getLogIn" time="3.260"/>
  <system-out/>
  <testcase classname="smarttech.ny.TestNGChallenges.TestDataProvider" name="getLogIn" time="4.000"/>
  <system-out/>
  <testcase classname="smarttech.ny.TestNGChallenges.TestDataProvider" name="getLogIn" time="2.793"/>
  <system-out/>
</testsuite> <!-- smarttech.ny.TestNGChallenges.TestDataProvider -->
