<?xml version="1.0" encoding="UTF-8"?>
<!-- Generated by org.testng.reporters.JUnitReportReporter -->
<testsuite hostname="PC-Desktop" failures="0" tests="4" name="smarttech.ny.TestNGChallenges.ParralelTesting" time="18.515" errors="0" timestamp="2023-05-15T18:30:17 GMT-05:00" skipped="0">
  <testcase classname="smarttech.ny.TestNGChallenges.ParralelTesting" name="sanityTest" time="6.138"/>
  <system-out/>
  <testcase classname="smarttech.ny.TestNGChallenges.ParralelTesting" name="regressionTest" time="4.175"/>
  <system-out/>
  <testcase classname="smarttech.ny.TestNGChallenges.ParralelTesting" name="smokeTest" time="4.090"/>
  <system-out/>
  <testcase classname="smarttech.ny.TestNGChallenges.ParralelTesting" name="functionalTest" time="4.112"/>
  <system-out/>
</testsuite> <!-- smarttech.ny.TestNGChallenges.ParralelTesting -->
