<?xml version="1.0" encoding="UTF-8"?>
<!-- Generated by org.testng.reporters.JUnitReportReporter -->
<testsuite hostname="PC-Desktop" failures="0" tests="1" name="javacoding22exercise.EvenAndOddNumber" time="0.005" errors="0" timestamp="2023-06-10T17:45:46 GMT-05:00" skipped="0">
  <testcase classname="javacoding22exercise.EvenAndOddNumber" name="getEvenAndOdd" time="0.005"/>
  <system-out/>
</testsuite> <!-- javacoding22exercise.EvenAndOddNumber -->
