<?xml version="1.0" encoding="UTF-8"?>
<!-- Generated by org.testng.reporters.JUnitReportReporter -->
<testsuite hostname="PC-Desktop" failures="0" tests="5" name="smarttech.ny.TestNGChallenges.SameTestCasesRunMultipleTimes" time="0.009" errors="0" timestamp="2023-05-13T21:58:53 GMT-05:00" skipped="0">
  <testcase classname="smarttech.ny.TestNGChallenges.SameTestCasesRunMultipleTimes" name="getMultipleTimesRunTestCases" time="0.000"/>
  <system-out/>
  <testcase classname="smarttech.ny.TestNGChallenges.SameTestCasesRunMultipleTimes" name="getMultipleTimesRunTestCases" time="0.001"/>
  <system-out/>
  <testcase classname="smarttech.ny.TestNGChallenges.SameTestCasesRunMultipleTimes" name="getMultipleTimesRunTestCases" time="0.001"/>
  <system-out/>
  <testcase classname="smarttech.ny.TestNGChallenges.SameTestCasesRunMultipleTimes" name="getMultipleTimesRunTestCases" time="0.002"/>
  <system-out/>
  <testcase classname="smarttech.ny.TestNGChallenges.SameTestCasesRunMultipleTimes" name="getMultipleTimesRunTestCases" time="0.005"/>
  <system-out/>
</testsuite> <!-- smarttech.ny.TestNGChallenges.SameTestCasesRunMultipleTimes -->
