<?xml version="1.0" encoding="UTF-8"?>
<!-- Generated by org.testng.reporters.JUnitReportReporter -->
<testsuite hostname="mahbub-desktop" failures="0" tests="1" name="smarttech.ny.myrunner.TestRunner" time="12.219" errors="0" timestamp="2023-06-19T19:48:22 GMT-05:00" skipped="0">
  <testcase classname="smarttech.ny.myrunner.TestRunner" name="runScenario" time="12.219"/>
  <system-out/>
</testsuite> <!-- smarttech.ny.myrunner.TestRunner -->
