<?xml version="1.0" encoding="UTF-8"?>
<!-- Generated by org.testng.reporters.JUnitReportReporter -->
<testsuite hostname="PC-Desktop" failures="0" tests="4" name="smarttech.ny.TestNGChallenges.CrossBrowserTesting" time="39.688" errors="0" timestamp="2023-05-15T19:05:48 GMT-05:00" skipped="0">
  <testcase classname="smarttech.ny.TestNGChallenges.CrossBrowserTesting" name="getLogIn" time="9.384"/>
  <system-out/>
  <testcase classname="smarttech.ny.TestNGChallenges.CrossBrowserTesting" name="getLogIn" time="10.917"/>
  <system-out/>
  <testcase classname="smarttech.ny.TestNGChallenges.CrossBrowserTesting" name="getLogIn" time="9.933"/>
  <system-out/>
  <testcase classname="smarttech.ny.TestNGChallenges.CrossBrowserTesting" name="getLogIn" time="9.454"/>
  <system-out/>
</testsuite> <!-- smarttech.ny.TestNGChallenges.CrossBrowserTesting -->
